++ 3dREMLfit: AFNI version=AFNI_18.3.16 (Dec 11 2018) [64-bit]
++ Authored by: RWCox
++ GOFORIT ==> Matrix de-singularization is engaged!
++ Number of OpenMP threads = 15
++ No mask ==> computing for all 10242 voxels
++ -----  matrix condition (773x20):  3.55264  ++ VERY GOOD ++
[7m*+ WARNING:[0m -matrix file is missing Stim attributes:
 + can only use symbolic name 'Col' in GLTs (cf. '-help')
[7m*+ WARNING:[0m  ==> bucket dataset output is disabled
[7m*+ WARNING:[0m  ==> -nobout is disabled
++ Loading input dataset into memory
 + masked off 881 voxels for being all zero; 9361 left in mask
++ starting REML setup calculations; total CPU=0.00 Elapsed=11.66
 + X matrix: 65.000% of elements are nonzero
 + starting 15 OpenMP threads for REML setup
 + REML setup finished: matrix rows=773 cols=20; 109*1 cases; total CPU=0.00 Elapsed=12.10
 +  average case bandwidth = 8.43
++ REML voxel loop: [15 threads]0123456789.0123456789.0123456789.0123456789.01234567
 + ARMA voxel parameters estimated: total CPU=0.00 Elapsed=37.63
++ GLSQ loop:0123456789.0123456789.0123456789.0123456789.0123456789.
 + GLSQ regression done: total CPU=0.00 Elapsed=45.83
++ Output dataset /data/nil-external/ccp/freund/psychomet/out/glms/178647/RESULTS/Cuedts/proactive_null_2rpm/stats_var_178647_R_REML.func.gii
++ Output dataset /data/nil-external/ccp/freund/psychomet/out/glms/178647/RESULTS/Cuedts/proactive_null_2rpm/errts_178647_R_REML.func.gii
++ Output dataset /data/nil-external/ccp/freund/psychomet/out/glms/178647/RESULTS/Cuedts/proactive_null_2rpm/wherr_178647_R_REML.func.gii
 + unloading input dataset and REML matrices
++ 3dREMLfit is all done! total CPU=0.00 Elapsed=65.10
