++ 3dREMLfit: AFNI version=AFNI_18.3.16 (Dec 11 2018) [64-bit]
++ Authored by: RWCox
++ GOFORIT ==> Matrix de-singularization is engaged!
++ Number of OpenMP threads = 15
++ No mask ==> computing for all 10242 voxels
++ -----  matrix condition (1220x18):  4.78645  ++ VERY GOOD ++
[7m*+ WARNING:[0m -matrix file is missing Stim attributes:
 + can only use symbolic name 'Col' in GLTs (cf. '-help')
[7m*+ WARNING:[0m  ==> bucket dataset output is disabled
[7m*+ WARNING:[0m  ==> -nobout is disabled
++ Loading input dataset into memory
 + masked off 881 voxels for being all zero; 9361 left in mask
++ starting REML setup calculations; total CPU=0.00 Elapsed=22.36
 + X matrix: 66.667% of elements are nonzero
 + starting 15 OpenMP threads for REML setup
 + REML setup finished: matrix rows=1220 cols=18; 109*1 cases; total CPU=0.00 Elapsed=23.83
 +  average case bandwidth = 13.15
++ REML voxel loop: [15 threads]0123456789.0123456789.0123456789.0123456789.01234567
 + ARMA voxel parameters estimated: total CPU=0.00 Elapsed=59.12
++ GLSQ loop:0123456789.0123456789.0123456789.0123456789.0123456789.
 + GLSQ regression done: total CPU=0.00 Elapsed=62.88
++ Output dataset /data/nil-external/ccp/freund/psychomet/out/glms/849971/RESULTS/Axcpt/baseline_null_2rpm_wave1/stats_var_849971_R_REML.func.gi++++ Output dataset /data/nil-external/ccp/freund/psychomet/out/glms/849971/RESULTS/Axcpt/baseline_null_2rpm_wave1/errts_849971_R_REML.func.gi++++ Output dataset /data/nil-external/ccp/freund/psychomet/out/glms/849971/RESULTS/Axcpt/baseline_null_2rpm_wave1/wherr_849971_R_REML.func.gi + unloading input dataset and REML matrices
++ 3dREMLfit is all done! total CPU=0.00 Elapsed=94.46
6
