++ 3dREMLfit: AFNI version=AFNI_18.3.16 (Dec 11 2018) [64-bit]
++ Authored by: RWCox
++ GOFORIT ==> Matrix de-singularization is engaged!
++ Number of OpenMP threads = 15
++ No mask ==> computing for all 10242 voxels
++ -----  matrix condition (1220x18):  7.08635  ++ VERY GOOD ++
[7m*+ WARNING:[0m -matrix file is missing Stim attributes:
 + can only use symbolic name 'Col' in GLTs (cf. '-help')
[7m*+ WARNING:[0m  ==> bucket dataset output is disabled
[7m*+ WARNING:[0m  ==> -nobout is disabled
++ Loading input dataset into memory
 + masked off 881 voxels for being all zero; 9361 left in mask
++ starting REML setup calculations; total CPU=0.00 Elapsed=17.05
 + X matrix: 66.667% of elements are nonzero
 + starting 15 OpenMP threads for REML setup
 + REML setup finished: matrix rows=1220 cols=18; 109*1 cases; total CPU=0.00 Elapsed=18.26
 +  average case bandwidth = 13.15
++ REML voxel loop: [15 threads]0123456789.0123456789.0123456789.0123456789.01234567
 + ARMA voxel parameters estimated: total CPU=0.00 Elapsed=61.53
++ GLSQ loop:0123456789.0123456789.0123456789.0123456789.0123456789.
 + GLSQ regression done: total CPU=0.00 Elapsed=65.19
++ Output dataset /data/nil-external/ccp/freund/psychomet/out/glms/DMCC6627478/RESULTS/Axcpt/proactive_null_2rpm_wave2/stats_var_DMCC6627478_R_REML.func.gi++++ Output dataset /data/nil-external/ccp/freund/psychomet/out/glms/DMCC6627478/RESULTS/Axcpt/proactive_null_2rpm_wave2/errts_DMCC6627478_R_REML.func.gi++++ Output dataset /data/nil-external/ccp/freund/psychomet/out/glms/DMCC6627478/RESULTS/Axcpt/proactive_null_2rpm_wave2/wherr_DMCC6627478_R_REML.func.gii
 + unloading input dataset and REML matrices
++ 3dREMLfit is all done! total CPU=0.00 Elapsed=93.89
