++ 3dDeconvolve extending num_stimts from 0 to 6 due to -ortvec
++ 3dDeconvolve: AFNI version=AFNI_18.3.16 (Dec 11 2018) [64-bit]
++ Authored by: B. Douglas Ward, et al.
++ forcibly using TR=1.2000 seconds for -input dataset
++ Auto-catenated input datasets treated as multiple imaging runs
++ Auto-catenated datasets start at:  0 650
++ Skipping check for initial transients
++ Imaging duration=780.0 s; Automatic polort=6
++ Number of time points: 1300 (no censoring)
 + Number of parameters:  20 [20 baseline ; 0 signal]
++ Memory required for output bricks = 40,968 bytes (about 41 thousand [kilo])
++ Wrote matrix image to file /data/nil-external/ccp/freund/psychomet/out/glms/393550/RESULTS/Cuedts/proactive_null_2rpm_wave1/X.jpg
++ Wrote matrix values to file /data/nil-external/ccp/freund/psychomet/out/glms/393550/RESULTS/Cuedts/proactive_null_2rpm_wave1/X.xmat.1D
++ ========= Things you can do with the matrix file =========
++ (a) Linear regression with ARMA(1,1) modeling of serial correlation:

3dREMLfit -matrix /data/nil-external/ccp/freund/psychomet/out/glms/393550/RESULTS/Cuedts/proactive_null_2rpm_wave1/X.xmat.1D \
 -input "/data/nil-bluearc/ccp-hcp/DMCC_ALL_BACKUPS/HCP_SUBJECTS_BACKUPS/fMRIPrep_AFNI_ANALYSIS/393550/INPUT_DATA/Cuedts/proactive/lpi_scale_tfMRI_CuedtsPro1_AP_L.func.gii /data/nil-bluearc/ccp-hcp/DMCC_ALL_BACKUPS/HCP_SUBJECTS_BACKUPS/fMRIPrep_AFNI_ANALYSIS/393550/INPUT_DATA/Cuedts/proactive/lpi_scale_tfMRI_CuedtsPro2_PA_L.func.gii" \
 -verb
 
++ N.B.: 3dREMLfit command above written to file 3dDeconvolve.REML_cmd
++ (b) Visualization/analysis of the matrix via ExamineXmat.R
++ (c) Synthesis of sub-model datasets using 3dSynthesize
++ ==========================================================
++ ----- Signal+Baseline matrix condition [X] (1300x20):  3.63095  ++ VERY GOOD ++
++ ----- Baseline-only matrix condition [X] (1300x20):  3.63095  ++ VERY GOOD ++
++ ----- stim_base-only matrix condition [X] (1300x6):  2.02248  ++ VERY GOOD ++
++ ----- polort-only matrix condition [X] (1300x14):  1.01082  ++ VERY GOOD ++
++ 3dDeconvolve exits: -x1D_stop option was invoked
